0 info it worked if it ends with ok
1 verbose cli [ '/home/prijindal/.nvm/versions/node/v7.6.0/bin/node',
1 verbose cli   '/home/prijindal/.nvm/versions/node/v7.6.0/bin/npm',
1 verbose cli   'start' ]
2 info using npm@4.1.2
3 info using node@v7.6.0
4 verbose run-script [ 'prestart', 'start', 'poststart' ]
5 info lifecycle Hatchathon@1.0.0~prestart: Hatchathon@1.0.0
6 silly lifecycle Hatchathon@1.0.0~prestart: no script for prestart, continuing
7 info lifecycle Hatchathon@1.0.0~start: Hatchathon@1.0.0
8 verbose lifecycle Hatchathon@1.0.0~start: unsafe-perm in lifecycle true
9 verbose lifecycle Hatchathon@1.0.0~start: PATH: /home/prijindal/.nvm/versions/node/v7.6.0/lib/node_modules/npm/bin/node-gyp-bin:/home/prijindal/projects/Hatchathon/node_modules/.bin:/home/prijindal/.yarn/bin:/home/prijindal/.nvm/versions/node/v7.6.0/bin:/home/prijindal/.yarn/bin:/usr/lib64/ccache:/usr/local/bin:/usr/local/sbin:/usr/bin:/usr/sbin:/home/prijindal/softwares/android-sdk-linux/tools:/home/prijindal/softwares/android-sdk-linux/platform-tools:/home/prijindal/softwares/buck/bin:/home/prijindal/.local/bin:/home/prijindal/bin:/home/prijindal/softwares/android-sdk-linux/tools:/home/prijindal/softwares/android-sdk-linux/platform-tools:/home/prijindal/softwares/buck/bin
10 verbose lifecycle Hatchathon@1.0.0~start: CWD: /home/prijindal/projects/Hatchathon
11 silly lifecycle Hatchathon@1.0.0~start: Args: [ '-c', 'NODE_ENV=DEVELOPMENT node server' ]
12 silly lifecycle Hatchathon@1.0.0~start: Returned: code: 1  signal: null
13 info lifecycle Hatchathon@1.0.0~start: Failed to exec start script
14 verbose stack Error: Hatchathon@1.0.0 start: `NODE_ENV=DEVELOPMENT node server`
14 verbose stack Exit status 1
14 verbose stack     at EventEmitter.<anonymous> (/home/prijindal/.nvm/versions/node/v7.6.0/lib/node_modules/npm/lib/utils/lifecycle.js:279:16)
14 verbose stack     at emitTwo (events.js:106:13)
14 verbose stack     at EventEmitter.emit (events.js:192:7)
14 verbose stack     at ChildProcess.<anonymous> (/home/prijindal/.nvm/versions/node/v7.6.0/lib/node_modules/npm/lib/utils/spawn.js:40:14)
14 verbose stack     at emitTwo (events.js:106:13)
14 verbose stack     at ChildProcess.emit (events.js:192:7)
14 verbose stack     at maybeClose (internal/child_process.js:890:16)
14 verbose stack     at Process.ChildProcess._handle.onexit (internal/child_process.js:226:5)
15 verbose pkgid Hatchathon@1.0.0
16 verbose cwd /home/prijindal/projects/Hatchathon
17 error Linux 4.9.13-200.fc25.x86_64
18 error argv "/home/prijindal/.nvm/versions/node/v7.6.0/bin/node" "/home/prijindal/.nvm/versions/node/v7.6.0/bin/npm" "start"
19 error node v7.6.0
20 error npm  v4.1.2
21 error code ELIFECYCLE
22 error Hatchathon@1.0.0 start: `NODE_ENV=DEVELOPMENT node server`
22 error Exit status 1
23 error Failed at the Hatchathon@1.0.0 start script 'NODE_ENV=DEVELOPMENT node server'.
23 error Make sure you have the latest version of node.js and npm installed.
23 error If you do, this is most likely a problem with the Hatchathon package,
23 error not with npm itself.
23 error Tell the author that this fails on your system:
23 error     NODE_ENV=DEVELOPMENT node server
23 error You can get information on how to open an issue for this project with:
23 error     npm bugs Hatchathon
23 error Or if that isn't available, you can get their info via:
23 error     npm owner ls Hatchathon
23 error There is likely additional logging output above.
24 verbose exit [ 1, true ]
